Arguments: 
  C:\Program Files\nodejs\node.exe C:\Program Files\nodejs\node_modules\yarn\bin\yarn.js start

PATH: 
  C:\Users\Mysti\bin;C:\Program Files\Git\mingw64\bin;C:\Program Files\Git\usr\local\bin;C:\Program Files\Git\usr\bin;C:\Program Files\Git\usr\bin;C:\Program Files\Git\mingw64\bin;C:\Program Files\Git\usr\bin;C:\Users\Mysti\bin;C:\Windows\system32;C:\Windows;C:\Windows\System32\Wbem;C:\Windows\System32\WindowsPowerShell\v1.0;C:\Windows\System32\OpenSSH;C:\Program Files (x86)\NVIDIA Corporation\PhysX\Common;C:\Program Files\NVIDIA Corporation\NVIDIA NvDLISR;C:\Users\Mysti\AppData\Local\Programs\Python\Python38-32\Scripts;C:\Program Files\Git\cmd;C:\WINDOWS\system32;C:\WINDOWS;C:\WINDOWS\System32\Wbem;C:\WINDOWS\System32\WindowsPowerShell\v1.0;C:\WINDOWS\System32\OpenSSH;C:\ProgramData\ComposerSetup\bin;C:\Users\Mysti\AppData\Roaming\nvm;C:\Program Files\nodejs;C:\Program Files\Docker\Docker\resources\bin;C:\ProgramData\DockerDesktop\version-bin;C:\Users\Mysti\AppData\Local\Microsoft\WindowsApps;C:\php\php-8.0.9;C:\Users\Mysti\.deno\bin;C:\Users\Mysti\AppData\Local\Programs\Microsoft VS Code\bin;C:\Users\Mysti\AppData\Local\Microsoft\WindowsApps;C:\Users\Mysti\AppData\Roaming\Composer\vendor\bin;C:\Users\Mysti\AppData\Local\GitHubDesktop\bin;C:\Users\Mysti\AppData\Roaming\npm;C:\Users\Mysti\AppData\Roaming\nvm;C:\Program Files\nodejs;C:\Program Files\Git\usr\bin\vendor_perl;C:\Program Files\Git\usr\bin\core_perl

Yarn version: 
  1.22.19

Node version: 
  17.2.0

Platform: 
  win32 x64

Trace: 
  SyntaxError: C:\Users\Mysti\Desktop\battleBot\package.json: Unexpected token } in JSON at position 245
      at JSON.parse (<anonymous>)
      at C:\Users\Mysti\AppData\Roaming\nvm\v17.2.0\node_modules\yarn\lib\cli.js:1629:59
      at Generator.next (<anonymous>)
      at step (C:\Users\Mysti\AppData\Roaming\nvm\v17.2.0\node_modules\yarn\lib\cli.js:310:30)
      at C:\Users\Mysti\AppData\Roaming\nvm\v17.2.0\node_modules\yarn\lib\cli.js:321:13

npm manifest: 
  {
  	"name": "next-bot",
  	"version": "1.0.0",
  	"main": "src/bot.js",
  	"author": "Sebastian Palmqvist<mystichal@live.com>",
  	"license": "MIT",
  	"scripts": {
  		"start": "next start -p 8080",
  		"dev": "next dev -H 0.0.0.0",
  		"build": "next build",
  	},
  	"dependencies": {
  		"discord-reply": "^0.1.2",
  		"discord.js": "^14.3.0",
  		"dotenv": "^16.0.1",
  		"next": "^12.2.5",
  		"react": "^18.2.0",
  		"react-dom": "^18.2.0",
  		"tesseract.js": "^3.0.2"
  	}
  }

yarn manifest: 
  No manifest

Lockfile: 
  No lockfile
